2025-08-25 11:49:10,746 INFO: Options Scanner startup [in /Users/tejaswinrenugunta/CascadeProjects/growAgent/options/app.py:32]
2025-08-25 11:49:23,898 INFO: Options Scanner startup [in /Users/tejaswinrenugunta/CascadeProjects/growAgent/options/app.py:32]
2025-08-25 11:49:42,837 INFO: Options Scanner startup [in /Users/tejaswinrenugunta/CascadeProjects/growAgent/options/app.py:32]
2025-08-25 11:50:39,879 INFO: Scan request: symbols=PLTR, threshold=100 [in /Users/tejaswinrenugunta/CascadeProjects/growAgent/options/app.py:88]
2025-08-25 11:50:39,879 INFO: Starting scan for 1 symbols: ['PLTR'] [in /Users/tejaswinrenugunta/CascadeProjects/growAgent/options/app.py:109]
2025-08-25 11:50:42,812 INFO: Scan completed: 397 options found, total volume: 522936 [in /Users/tejaswinrenugunta/CascadeProjects/growAgent/options/app.py:125]
2025-08-25 11:51:14,141 INFO: Scan request: symbols=NVDA, threshold=100 [in /Users/tejaswinrenugunta/CascadeProjects/growAgent/options/app.py:88]
2025-08-25 11:51:14,142 INFO: Starting scan for 1 symbols: ['NVDA'] [in /Users/tejaswinrenugunta/CascadeProjects/growAgent/options/app.py:109]
2025-08-25 11:51:17,878 INFO: Scan completed: 712 options found, total volume: 842578 [in /Users/tejaswinrenugunta/CascadeProjects/growAgent/options/app.py:125]
2025-08-25 11:51:32,703 INFO: Scan request: symbols=PLTR, threshold=100 [in /Users/tejaswinrenugunta/CascadeProjects/growAgent/options/app.py:88]
2025-08-25 11:51:32,705 INFO: Starting scan for 1 symbols: ['PLTR'] [in /Users/tejaswinrenugunta/CascadeProjects/growAgent/options/app.py:109]
2025-08-25 11:51:35,584 INFO: Scan completed: 397 options found, total volume: 525675 [in /Users/tejaswinrenugunta/CascadeProjects/growAgent/options/app.py:125]
2025-08-25 11:53:02,210 INFO: Scan request: symbols=PLTR, threshold=100 [in /Users/tejaswinrenugunta/CascadeProjects/growAgent/options/app.py:88]
2025-08-25 11:53:02,211 INFO: Starting scan for 1 symbols: ['PLTR'] [in /Users/tejaswinrenugunta/CascadeProjects/growAgent/options/app.py:109]
2025-08-25 11:53:05,133 INFO: Scan completed: 396 options found, total volume: 528248 [in /Users/tejaswinrenugunta/CascadeProjects/growAgent/options/app.py:125]
2025-08-25 11:53:46,338 INFO: Scan request: symbols=PLTR, threshold=100 [in /Users/tejaswinrenugunta/CascadeProjects/growAgent/options/app.py:88]
2025-08-25 11:53:46,338 INFO: Starting scan for 1 symbols: ['PLTR'] [in /Users/tejaswinrenugunta/CascadeProjects/growAgent/options/app.py:109]
2025-08-25 11:53:49,059 INFO: Scan completed: 396 options found, total volume: 530071 [in /Users/tejaswinrenugunta/CascadeProjects/growAgent/options/app.py:125]
2025-08-25 12:00:47,677 INFO: Scan request: symbols=PLTR, threshold=100 [in /Users/tejaswinrenugunta/CascadeProjects/growAgent/options/app.py:88]
2025-08-25 12:00:47,679 INFO: Starting scan for 1 symbols: ['PLTR'] [in /Users/tejaswinrenugunta/CascadeProjects/growAgent/options/app.py:109]
2025-08-25 12:00:50,623 INFO: Scan completed: 401 options found, total volume: 542339 [in /Users/tejaswinrenugunta/CascadeProjects/growAgent/options/app.py:125]
2025-08-25 12:40:09,907 INFO: Scan request: symbols=PDD, threshold=100 [in /Users/tejaswinrenugunta/CascadeProjects/growAgent/options/app.py:88]
2025-08-25 12:40:09,908 INFO: Starting scan for 1 symbols: ['PDD'] [in /Users/tejaswinrenugunta/CascadeProjects/growAgent/options/app.py:109]
2025-08-25 12:40:12,470 INFO: Scan completed: 235 options found, total volume: 332104 [in /Users/tejaswinrenugunta/CascadeProjects/growAgent/options/app.py:125]
2025-08-25 12:40:35,702 INFO: Scan request: symbols=PDD, threshold=100 [in /Users/tejaswinrenugunta/CascadeProjects/growAgent/options/app.py:88]
2025-08-25 12:40:35,703 INFO: Starting scan for 1 symbols: ['PDD'] [in /Users/tejaswinrenugunta/CascadeProjects/growAgent/options/app.py:109]
2025-08-25 12:40:38,070 INFO: Scan completed: 235 options found, total volume: 332179 [in /Users/tejaswinrenugunta/CascadeProjects/growAgent/options/app.py:125]
2025-08-25 12:48:42,564 INFO: Scan request: symbols=TEM, threshold=100 [in /Users/tejaswinrenugunta/CascadeProjects/growAgent/options/app.py:88]
2025-08-25 12:48:42,569 INFO: Starting scan for 1 symbols: ['TEM'] [in /Users/tejaswinrenugunta/CascadeProjects/growAgent/options/app.py:109]
2025-08-25 12:48:44,311 INFO: Scan completed: 88 options found, total volume: 35213 [in /Users/tejaswinrenugunta/CascadeProjects/growAgent/options/app.py:125]
2025-08-25 12:59:17,643 INFO: Scan request: symbols=LCID, threshold=100 [in /Users/tejaswinrenugunta/CascadeProjects/growAgent/options/app.py:88]
2025-08-25 12:59:17,645 INFO: Starting scan for 1 symbols: ['LCID'] [in /Users/tejaswinrenugunta/CascadeProjects/growAgent/options/app.py:109]
2025-08-25 12:59:20,284 INFO: Scan completed: 98 options found, total volume: 58440 [in /Users/tejaswinrenugunta/CascadeProjects/growAgent/options/app.py:125]
2025-08-25 13:10:22,822 INFO: Scan request: symbols=LCID, threshold=100 [in /Users/tejaswinrenugunta/CascadeProjects/growAgent/options/app.py:88]
2025-08-25 13:10:22,823 INFO: Starting scan for 1 symbols: ['LCID'] [in /Users/tejaswinrenugunta/CascadeProjects/growAgent/options/app.py:109]
2025-08-25 13:10:24,634 INFO: Scan completed: 98 options found, total volume: 58934 [in /Users/tejaswinrenugunta/CascadeProjects/growAgent/options/app.py:125]
2025-08-25 13:12:09,902 INFO: Scan request: symbols=INTU, threshold=1000 [in /Users/tejaswinrenugunta/CascadeProjects/growAgent/options/app.py:88]
2025-08-25 13:12:09,904 INFO: Starting scan for 1 symbols: ['INTU'] [in /Users/tejaswinrenugunta/CascadeProjects/growAgent/options/app.py:109]
2025-08-25 13:12:11,812 INFO: Scan completed: 0 options found, total volume: 0 [in /Users/tejaswinrenugunta/CascadeProjects/growAgent/options/app.py:125]
2025-08-25 13:28:19,595 INFO: Scan request: symbols=OPEN, threshold=100 [in /Users/tejaswinrenugunta/CascadeProjects/growAgent/options/app.py:88]
2025-08-25 13:28:19,597 INFO: Starting scan for 1 symbols: ['OPEN'] [in /Users/tejaswinrenugunta/CascadeProjects/growAgent/options/app.py:109]
2025-08-25 13:28:21,791 INFO: Scan completed: 267 options found, total volume: 1173150 [in /Users/tejaswinrenugunta/CascadeProjects/growAgent/options/app.py:125]
2025-08-25 13:29:11,853 INFO: Scan request: symbols=OPEN, threshold=100 [in /Users/tejaswinrenugunta/CascadeProjects/growAgent/options/app.py:88]
2025-08-25 13:29:11,855 INFO: Starting scan for 1 symbols: ['OPEN'] [in /Users/tejaswinrenugunta/CascadeProjects/growAgent/options/app.py:109]
2025-08-25 13:29:13,779 INFO: Scan completed: 267 options found, total volume: 1175370 [in /Users/tejaswinrenugunta/CascadeProjects/growAgent/options/app.py:125]
2025-08-25 13:30:29,323 INFO: Scan request: symbols=OPEN, threshold=100 [in /Users/tejaswinrenugunta/CascadeProjects/growAgent/options/app.py:88]
2025-08-25 13:30:29,325 INFO: Starting scan for 1 symbols: ['OPEN'] [in /Users/tejaswinrenugunta/CascadeProjects/growAgent/options/app.py:109]
2025-08-25 13:30:31,000 INFO: Scan completed: 267 options found, total volume: 1177238 [in /Users/tejaswinrenugunta/CascadeProjects/growAgent/options/app.py:125]
2025-08-25 13:32:00,417 INFO: Scan request: symbols=PLTR, threshold=100 [in /Users/tejaswinrenugunta/CascadeProjects/growAgent/options/app.py:88]
2025-08-25 13:32:00,418 INFO: Starting scan for 1 symbols: ['PLTR'] [in /Users/tejaswinrenugunta/CascadeProjects/growAgent/options/app.py:109]
2025-08-25 13:32:03,430 INFO: Scan completed: 443 options found, total volume: 678467 [in /Users/tejaswinrenugunta/CascadeProjects/growAgent/options/app.py:125]
2025-08-25 13:33:52,940 INFO: Scan request: symbols=PLTR, threshold=100 [in /Users/tejaswinrenugunta/CascadeProjects/growAgent/options/app.py:88]
2025-08-25 13:33:52,942 INFO: Starting scan for 1 symbols: ['PLTR'] [in /Users/tejaswinrenugunta/CascadeProjects/growAgent/options/app.py:109]
2025-08-25 13:33:56,004 INFO: Scan completed: 443 options found, total volume: 680353 [in /Users/tejaswinrenugunta/CascadeProjects/growAgent/options/app.py:125]
2025-08-25 13:34:07,059 INFO: Scan request: symbols=PLTR, threshold=100 [in /Users/tejaswinrenugunta/CascadeProjects/growAgent/options/app.py:88]
2025-08-25 13:34:07,061 INFO: Starting scan for 1 symbols: ['PLTR'] [in /Users/tejaswinrenugunta/CascadeProjects/growAgent/options/app.py:109]
2025-08-25 13:34:09,995 INFO: Scan completed: 443 options found, total volume: 680719 [in /Users/tejaswinrenugunta/CascadeProjects/growAgent/options/app.py:125]
2025-08-25 13:35:15,423 INFO: Scan request: symbols=PLTR, threshold=100 [in /Users/tejaswinrenugunta/CascadeProjects/growAgent/options/app.py:88]
2025-08-25 13:35:15,424 INFO: Starting scan for 1 symbols: ['PLTR'] [in /Users/tejaswinrenugunta/CascadeProjects/growAgent/options/app.py:109]
2025-08-25 13:35:18,404 INFO: Scan completed: 444 options found, total volume: 682970 [in /Users/tejaswinrenugunta/CascadeProjects/growAgent/options/app.py:125]
2025-08-25 13:37:22,492 INFO: Scan request: symbols=PLTR, threshold=100 [in /Users/tejaswinrenugunta/CascadeProjects/growAgent/options/app.py:88]
2025-08-25 13:37:22,494 INFO: Starting scan for 1 symbols: ['PLTR'] [in /Users/tejaswinrenugunta/CascadeProjects/growAgent/options/app.py:109]
2025-08-25 13:37:25,241 INFO: Scan completed: 445 options found, total volume: 685999 [in /Users/tejaswinrenugunta/CascadeProjects/growAgent/options/app.py:125]
2025-08-25 13:37:44,659 INFO: Scan request: symbols=PLTR, threshold=100 [in /Users/tejaswinrenugunta/CascadeProjects/growAgent/options/app.py:88]
2025-08-25 13:37:44,660 INFO: Starting scan for 1 symbols: ['PLTR'] [in /Users/tejaswinrenugunta/CascadeProjects/growAgent/options/app.py:109]
2025-08-25 13:37:47,668 INFO: Scan completed: 447 options found, total volume: 686566 [in /Users/tejaswinrenugunta/CascadeProjects/growAgent/options/app.py:125]
2025-08-25 13:39:54,845 INFO: Scan request: symbols=PLTR, threshold=100 [in /Users/tejaswinrenugunta/CascadeProjects/growAgent/options/app.py:88]
2025-08-25 13:39:54,847 INFO: Starting scan for 1 symbols: ['PLTR'] [in /Users/tejaswinrenugunta/CascadeProjects/growAgent/options/app.py:109]
2025-08-25 13:39:58,001 INFO: Scan completed: 447 options found, total volume: 688670 [in /Users/tejaswinrenugunta/CascadeProjects/growAgent/options/app.py:125]
2025-08-25 13:41:21,278 INFO: Scan request: symbols=PLTR, threshold=100 [in /Users/tejaswinrenugunta/CascadeProjects/growAgent/options/app.py:88]
2025-08-25 13:41:21,279 INFO: Starting scan for 1 symbols: ['PLTR'] [in /Users/tejaswinrenugunta/CascadeProjects/growAgent/options/app.py:109]
2025-08-25 13:41:24,143 INFO: Scan completed: 448 options found, total volume: 690432 [in /Users/tejaswinrenugunta/CascadeProjects/growAgent/options/app.py:125]
2025-08-25 13:41:43,182 INFO: Scan request: symbols=PLTR, threshold=100 [in /Users/tejaswinrenugunta/CascadeProjects/growAgent/options/app.py:88]
2025-08-25 13:41:43,184 INFO: Starting scan for 1 symbols: ['PLTR'] [in /Users/tejaswinrenugunta/CascadeProjects/growAgent/options/app.py:109]
2025-08-25 13:41:46,001 INFO: Scan completed: 448 options found, total volume: 691082 [in /Users/tejaswinrenugunta/CascadeProjects/growAgent/options/app.py:125]
2025-08-25 13:42:36,495 INFO: Scan request: symbols=PLTR, threshold=100 [in /Users/tejaswinrenugunta/CascadeProjects/growAgent/options/app.py:88]
2025-08-25 13:42:36,497 INFO: Starting scan for 1 symbols: ['PLTR'] [in /Users/tejaswinrenugunta/CascadeProjects/growAgent/options/app.py:109]
2025-08-25 13:42:39,574 INFO: Scan completed: 448 options found, total volume: 691922 [in /Users/tejaswinrenugunta/CascadeProjects/growAgent/options/app.py:125]
2025-08-25 13:42:55,666 INFO: Scan request: symbols=PLTR, threshold=100 [in /Users/tejaswinrenugunta/CascadeProjects/growAgent/options/app.py:88]
2025-08-25 13:42:55,667 INFO: Starting scan for 1 symbols: ['PLTR'] [in /Users/tejaswinrenugunta/CascadeProjects/growAgent/options/app.py:109]
2025-08-25 13:42:58,905 INFO: Scan completed: 449 options found, total volume: 692371 [in /Users/tejaswinrenugunta/CascadeProjects/growAgent/options/app.py:125]
2025-08-25 13:49:20,435 INFO: Scan request: symbols=PLTR, threshold=100 [in /Users/tejaswinrenugunta/CascadeProjects/growAgent/options/app.py:88]
2025-08-25 13:49:20,437 INFO: Starting scan for 1 symbols: ['PLTR'] [in /Users/tejaswinrenugunta/CascadeProjects/growAgent/options/app.py:109]
2025-08-25 13:49:23,509 INFO: Scan completed: 451 options found, total volume: 697522 [in /Users/tejaswinrenugunta/CascadeProjects/growAgent/options/app.py:125]
2025-08-25 13:51:55,173 INFO: Scan request: symbols=PLTR, threshold=100 [in /Users/tejaswinrenugunta/CascadeProjects/growAgent/options/app.py:88]
2025-08-25 13:51:55,176 INFO: Starting scan for 1 symbols: ['PLTR'] [in /Users/tejaswinrenugunta/CascadeProjects/growAgent/options/app.py:109]
2025-08-25 13:51:59,529 INFO: Scan completed: 451 options found, total volume: 699419 [in /Users/tejaswinrenugunta/CascadeProjects/growAgent/options/app.py:125]
2025-08-25 13:52:17,778 INFO: Options Scanner startup [in /Users/tejaswinrenugunta/CascadeProjects/growAgent/options/app.py:32]
2025-08-25 13:53:35,525 INFO: Scan request: symbols=PLTR, threshold=100 [in /Users/tejaswinrenugunta/CascadeProjects/growAgent/options/app.py:88]
2025-08-25 13:53:35,527 INFO: Starting scan for 1 symbols: ['PLTR'] [in /Users/tejaswinrenugunta/CascadeProjects/growAgent/options/app.py:109]
2025-08-25 13:53:39,584 INFO: Scan completed: 451 options found, total volume: 700406 [in /Users/tejaswinrenugunta/CascadeProjects/growAgent/options/app.py:125]
2025-08-25 13:54:09,554 INFO: Scan request: symbols=PLTR, threshold=100 [in /Users/tejaswinrenugunta/CascadeProjects/growAgent/options/app.py:88]
2025-08-25 13:54:09,555 INFO: Starting scan for 1 symbols: ['PLTR'] [in /Users/tejaswinrenugunta/CascadeProjects/growAgent/options/app.py:109]
2025-08-25 13:54:13,599 INFO: Scan completed: 451 options found, total volume: 700790 [in /Users/tejaswinrenugunta/CascadeProjects/growAgent/options/app.py:125]
2025-08-25 13:54:43,308 INFO: Scan request: symbols=PLTR, threshold=100 [in /Users/tejaswinrenugunta/CascadeProjects/growAgent/options/app.py:88]
2025-08-25 13:54:43,310 INFO: Starting scan for 1 symbols: ['PLTR'] [in /Users/tejaswinrenugunta/CascadeProjects/growAgent/options/app.py:109]
2025-08-25 13:54:47,869 INFO: Scan completed: 451 options found, total volume: 701082 [in /Users/tejaswinrenugunta/CascadeProjects/growAgent/options/app.py:125]
2025-08-25 14:01:13,075 INFO: Scan request: symbols=PLTR, threshold=100 [in /Users/tejaswinrenugunta/CascadeProjects/growAgent/options/app.py:88]
2025-08-25 14:01:13,077 INFO: Starting scan for 1 symbols: ['PLTR'] [in /Users/tejaswinrenugunta/CascadeProjects/growAgent/options/app.py:109]
2025-08-25 14:01:16,036 INFO: Scan completed: 453 options found, total volume: 706063 [in /Users/tejaswinrenugunta/CascadeProjects/growAgent/options/app.py:125]
2025-08-25 14:03:10,880 INFO: Options Scanner startup [in /Users/tejaswinrenugunta/CascadeProjects/growAgent/options/app.py:32]
2025-08-25 14:09:15,969 INFO: Options Scanner startup [in /Users/tejaswinrenugunta/CascadeProjects/growAgent/options/app.py:32]
2025-08-25 14:30:54,811 INFO: Options Scanner startup [in /Users/tejaswinrenugunta/CascadeProjects/growAgent/options/app.py:32]
2025-08-25 14:46:29,211 INFO: Scan request: symbols=PLTR, threshold=100, expiry_filter=this_week [in /Users/tejaswinrenugunta/CascadeProjects/growAgent/options/app.py:89]
2025-08-25 14:46:29,212 INFO: Starting scan for 1 symbols: ['PLTR'] [in /Users/tejaswinrenugunta/CascadeProjects/growAgent/options/app.py:110]
2025-08-25 14:46:29,976 INFO: Scan completed: 85 options found, total volume: 471230 [in /Users/tejaswinrenugunta/CascadeProjects/growAgent/options/app.py:127]
2025-08-25 14:47:02,320 INFO: Scan request: symbols=PLTR, threshold=100, expiry_filter=this_month [in /Users/tejaswinrenugunta/CascadeProjects/growAgent/options/app.py:89]
2025-08-25 14:47:02,322 INFO: Starting scan for 1 symbols: ['PLTR'] [in /Users/tejaswinrenugunta/CascadeProjects/growAgent/options/app.py:110]
2025-08-25 14:47:03,340 INFO: Scan completed: 245 options found, total volume: 649374 [in /Users/tejaswinrenugunta/CascadeProjects/growAgent/options/app.py:127]
2025-08-25 15:01:13,172 INFO: Scan request: symbols=TEM, threshold=100, expiry_filter=this_month [in /Users/tejaswinrenugunta/CascadeProjects/growAgent/options/app.py:89]
2025-08-25 15:01:13,174 INFO: Starting scan for 1 symbols: ['TEM'] [in /Users/tejaswinrenugunta/CascadeProjects/growAgent/options/app.py:110]
2025-08-25 15:01:14,259 INFO: Scan completed: 73 options found, total volume: 40446 [in /Users/tejaswinrenugunta/CascadeProjects/growAgent/options/app.py:127]
2025-08-25 15:07:05,308 INFO: Scan request: symbols=TEM, threshold=100, expiry_filter=this_month [in /Users/tejaswinrenugunta/CascadeProjects/growAgent/options/app.py:89]
2025-08-25 15:07:05,310 INFO: Starting scan for 1 symbols: ['TEM'] [in /Users/tejaswinrenugunta/CascadeProjects/growAgent/options/app.py:110]
2025-08-25 15:07:06,199 INFO: Scan completed: 73 options found, total volume: 40794 [in /Users/tejaswinrenugunta/CascadeProjects/growAgent/options/app.py:127]
2025-08-25 15:12:18,637 INFO: Scan request: symbols=PLTR, threshold=100, expiry_filter=this_week [in /Users/tejaswinrenugunta/CascadeProjects/growAgent/options/app.py:89]
2025-08-25 15:12:18,639 INFO: Starting scan for 1 symbols: ['PLTR'] [in /Users/tejaswinrenugunta/CascadeProjects/growAgent/options/app.py:110]
2025-08-25 15:12:19,157 INFO: Scan completed: 85 options found, total volume: 482492 [in /Users/tejaswinrenugunta/CascadeProjects/growAgent/options/app.py:127]
2025-08-25 15:12:25,038 INFO: Scan request: symbols=PLTR, threshold=100, expiry_filter=this_month [in /Users/tejaswinrenugunta/CascadeProjects/growAgent/options/app.py:89]
2025-08-25 15:12:25,039 INFO: Starting scan for 1 symbols: ['PLTR'] [in /Users/tejaswinrenugunta/CascadeProjects/growAgent/options/app.py:110]
2025-08-25 15:12:25,960 INFO: Scan completed: 245 options found, total volume: 665954 [in /Users/tejaswinrenugunta/CascadeProjects/growAgent/options/app.py:127]
2025-08-25 15:12:31,705 INFO: Scan request: symbols=PLTR, threshold=100, expiry_filter=next_3_months [in /Users/tejaswinrenugunta/CascadeProjects/growAgent/options/app.py:89]
2025-08-25 15:12:31,705 INFO: Starting scan for 1 symbols: ['PLTR'] [in /Users/tejaswinrenugunta/CascadeProjects/growAgent/options/app.py:110]
2025-08-25 15:12:33,269 INFO: Scan completed: 370 options found, total volume: 733909 [in /Users/tejaswinrenugunta/CascadeProjects/growAgent/options/app.py:127]
2025-08-25 15:12:43,421 INFO: Scan request: symbols=OPEN, threshold=100, expiry_filter=this_month [in /Users/tejaswinrenugunta/CascadeProjects/growAgent/options/app.py:89]
2025-08-25 15:12:43,422 INFO: Starting scan for 1 symbols: ['OPEN'] [in /Users/tejaswinrenugunta/CascadeProjects/growAgent/options/app.py:110]
2025-08-25 15:12:44,234 INFO: Scan completed: 111 options found, total volume: 1283950 [in /Users/tejaswinrenugunta/CascadeProjects/growAgent/options/app.py:127]
2025-08-25 15:16:46,706 INFO: Scan request: symbols=PLTR, threshold=100, expiry_filter=all [in /Users/tejaswinrenugunta/CascadeProjects/growAgent/options/app.py:89]
2025-08-25 15:16:46,708 INFO: Starting scan for 1 symbols: ['PLTR'] [in /Users/tejaswinrenugunta/CascadeProjects/growAgent/options/app.py:110]
2025-08-25 15:16:49,667 INFO: Scan completed: 485 options found, total volume: 774237 [in /Users/tejaswinrenugunta/CascadeProjects/growAgent/options/app.py:127]
2025-08-25 15:20:49,118 INFO: Scan request: symbols=PLTR, threshold=100, expiry_filter=all [in /Users/tejaswinrenugunta/CascadeProjects/growAgent/options/app.py:89]
2025-08-25 15:20:49,120 INFO: Starting scan for 1 symbols: ['PLTR'] [in /Users/tejaswinrenugunta/CascadeProjects/growAgent/options/app.py:110]
2025-08-25 15:20:52,109 INFO: Scan completed: 485 options found, total volume: 777787 [in /Users/tejaswinrenugunta/CascadeProjects/growAgent/options/app.py:127]
2025-08-25 15:21:02,468 INFO: Scan request: symbols=PLTR, threshold=100, expiry_filter=all [in /Users/tejaswinrenugunta/CascadeProjects/growAgent/options/app.py:89]
2025-08-25 15:21:02,468 INFO: Starting scan for 1 symbols: ['PLTR'] [in /Users/tejaswinrenugunta/CascadeProjects/growAgent/options/app.py:110]
2025-08-25 15:21:05,276 INFO: Scan completed: 485 options found, total volume: 777890 [in /Users/tejaswinrenugunta/CascadeProjects/growAgent/options/app.py:127]
2025-08-25 15:21:59,389 INFO: Options Scanner startup [in /Users/tejaswinrenugunta/CascadeProjects/growAgent/options/app.py:32]
2025-08-25 15:22:23,687 INFO: Scan request: symbols=PLTR, threshold=100, expiry_filter=all [in /Users/tejaswinrenugunta/CascadeProjects/growAgent/options/app.py:89]
2025-08-25 15:22:23,688 INFO: Starting scan for 1 symbols: ['PLTR'] [in /Users/tejaswinrenugunta/CascadeProjects/growAgent/options/app.py:110]
2025-08-25 15:22:28,195 INFO: Scan completed: 485 options found, total volume: 778980 [in /Users/tejaswinrenugunta/CascadeProjects/growAgent/options/app.py:127]
2025-08-25 15:22:34,605 INFO: Scan request: symbols=PLTR, threshold=100, expiry_filter=this_week [in /Users/tejaswinrenugunta/CascadeProjects/growAgent/options/app.py:89]
2025-08-25 15:22:34,606 INFO: Starting scan for 1 symbols: ['PLTR'] [in /Users/tejaswinrenugunta/CascadeProjects/growAgent/options/app.py:110]
2025-08-25 15:22:35,382 INFO: Scan completed: 85 options found, total volume: 486613 [in /Users/tejaswinrenugunta/CascadeProjects/growAgent/options/app.py:127]
2025-08-25 15:22:39,635 INFO: Scan request: symbols=PLTR, threshold=100, expiry_filter=leaps [in /Users/tejaswinrenugunta/CascadeProjects/growAgent/options/app.py:89]
2025-08-25 15:22:39,635 INFO: Starting scan for 1 symbols: ['PLTR'] [in /Users/tejaswinrenugunta/CascadeProjects/growAgent/options/app.py:110]
2025-08-25 15:22:41,124 INFO: Scan completed: 25 options found, total volume: 7407 [in /Users/tejaswinrenugunta/CascadeProjects/growAgent/options/app.py:127]
2025-08-25 15:22:47,485 INFO: Scan request: symbols=OPEN, threshold=100, expiry_filter=leaps [in /Users/tejaswinrenugunta/CascadeProjects/growAgent/options/app.py:89]
2025-08-25 15:22:47,485 INFO: Starting scan for 1 symbols: ['OPEN'] [in /Users/tejaswinrenugunta/CascadeProjects/growAgent/options/app.py:110]
2025-08-25 15:22:48,398 INFO: Scan completed: 39 options found, total volume: 47278 [in /Users/tejaswinrenugunta/CascadeProjects/growAgent/options/app.py:127]
2025-08-25 15:22:55,617 INFO: Scan request: symbols=OPEN, threshold=100, expiry_filter=this_week [in /Users/tejaswinrenugunta/CascadeProjects/growAgent/options/app.py:89]
2025-08-25 15:22:55,618 INFO: Starting scan for 1 symbols: ['OPEN'] [in /Users/tejaswinrenugunta/CascadeProjects/growAgent/options/app.py:110]
2025-08-25 15:22:56,212 INFO: Scan completed: 35 options found, total volume: 968104 [in /Users/tejaswinrenugunta/CascadeProjects/growAgent/options/app.py:127]
